\BOOKMARK [0][-]{chapter*.2}{Tabellenverzeichnis}{}% 1
\BOOKMARK [0][-]{chapter*.4}{Listings}{}% 2
\BOOKMARK [0][-]{chapter*.5}{Abk\374rzungsverzeichnis}{}% 3
\BOOKMARK [0][-]{chapter.1}{Einleitung}{}% 4
\BOOKMARK [0][-]{chapter.2}{Grundlagen}{}% 5
\BOOKMARK [1][-]{section.2.1}{C++}{chapter.2}% 6
\BOOKMARK [1][-]{section.2.2}{Objektorientiertes Programmieren}{chapter.2}% 7
\BOOKMARK [2][-]{subsection.2.2.1}{Grundidee}{section.2.2}% 8
\BOOKMARK [2][-]{subsection.2.2.2}{Klassen und Objekte}{section.2.2}% 9
\BOOKMARK [2][-]{subsection.2.2.3}{Vererbung}{section.2.2}% 10
\BOOKMARK [2][-]{subsection.2.2.4}{Polymorphie}{section.2.2}% 11
\BOOKMARK [1][-]{section.2.3}{Distributed Interactive Simulation}{chapter.2}% 12
\BOOKMARK [0][-]{chapter.3}{Entwurf der Klassenhierarchie}{}% 13
\BOOKMARK [1][-]{section.3.1}{Grundkonzept}{chapter.3}% 14
\BOOKMARK [1][-]{section.3.2}{L\366sungsans\344tze}{chapter.3}% 15
\BOOKMARK [1][-]{section.3.3}{Vergleich der verschiedenen L\366sungsans\344tze}{chapter.3}% 16
\BOOKMARK [1][-]{section.3.4}{Implementierung}{chapter.3}% 17
\BOOKMARK [1][-]{section.3.5}{F\344higkeiten der Klassenhierarchie}{chapter.3}% 18
\BOOKMARK [1][-]{section.3.6}{Offene Probleme}{chapter.3}% 19
\BOOKMARK [0][-]{chapter.4}{Fazit}{}% 20
\BOOKMARK [0][-]{chapter.5}{Anhang}{}% 21
\BOOKMARK [0][-]{chapter.6}{Literaturverzeichnis}{}% 22
