This is pdfTeX, Version 3.14159265-2.6-1.40.19 (MiKTeX 2.9.6745 64-bit) (preloaded format=pdflatex 2018.8.2)  10 SEP 2018 09:28
entering extended mode
**./main.tex
(main.tex
LaTeX2e <2018-04-01> patch level 5
(F:\Programme\Miktex\tex\latex\koma-script\scrreprt.cls
Document Class: scrreprt 2018/03/30 v3.25 KOMA-Script document class (report)
(F:\Programme\Miktex\tex\latex\koma-script\scrkbase.sty
Package: scrkbase 2018/03/30 v3.25 KOMA-Script package (KOMA-Script-dependent b
asics and keyval usage)

(F:\Programme\Miktex\tex\latex\koma-script\scrbase.sty
Package: scrbase 2018/03/30 v3.25 KOMA-Script package (KOMA-Script-independent 
basics and keyval usage)

(F:\Programme\Miktex\tex\latex\graphics\keyval.sty
Package: keyval 2014/10/28 v1.15 key=value parser (DPC)
\KV@toks@=\toks14
)
(F:\Programme\Miktex\tex\latex\koma-script\scrlfile.sty
Package: scrlfile 2018/03/30 v3.25 KOMA-Script package (loading files)
)))
(F:\Programme\Miktex\tex\latex\koma-script\tocbasic.sty
Package: tocbasic 2018/03/30 v3.25 KOMA-Script package (handling toc-files)
\scr@dte@tocline@numberwidth=\skip41
\scr@dte@tocline@numbox=\box26
)
Package tocbasic Info: omitting babel extension for `toc'
(tocbasic)             because of feature `nobabel' available
(tocbasic)             for `toc' on input line 136.
Package tocbasic Info: defining new hook before heading of `' on input line 166
7.
Package scrreprt Info: You've used standard option `12pt'.
(scrreprt)             This is correct!
(scrreprt)             Internally I'm using `fontsize=12pt'.
(scrreprt)             If you'd like to set the option with \KOMAoptions,
(scrreprt)             you'd have to use `fontsize=12pt' there
(scrreprt)             instead of `12pt', too.
Class scrreprt Info: File `scrsize12pt.clo' used to setup font sizes on input l
ine 2328.

(F:\Programme\Miktex\tex\latex\koma-script\scrsize12pt.clo
File: scrsize12pt.clo 2018/03/30 v3.25 KOMA-Script font size class option (12pt
)
)
(F:\Programme\Miktex\tex\latex\koma-script\typearea.sty
Package: typearea 2018/03/30 v3.25 KOMA-Script package (type area)
\ta@bcor=\skip42
\ta@div=\count80
Package typearea Info: You've used standard option `a4paper'.
(typearea)             This is correct!
(typearea)             Internally I'm using `paper=a4'.
(typearea)             If you'd like to set the option with \KOMAoptions,
(typearea)             you'd have to use `paper=a4' there
(typearea)             instead of `a4paper', too.
\ta@hblk=\skip43
\ta@vblk=\skip44
\ta@temp=\skip45
\footheight=\skip46
Package typearea Info: These are the values describing the layout:
(typearea)             DIV  = 12
(typearea)             BCOR = 0.0pt
(typearea)             \paperwidth      = 597.50793pt
(typearea)              \textwidth      = 448.13095pt
(typearea)              DIV departure   = -6%
(typearea)              \evensidemargin = 2.4185pt
(typearea)              \oddsidemargin  = 2.4185pt
(typearea)             \paperheight     = 845.04694pt
(typearea)              \textheight     = 635.5pt
(typearea)              \topmargin      = -41.72441pt
(typearea)              \headheight     = 18.125pt
(typearea)              \headsep        = 21.75pt
(typearea)              \topskip        = 12.0pt
(typearea)              \footskip       = 50.75pt
(typearea)              \baselineskip   = 14.5pt
(typearea)              on input line 1706.
)
\c@part=\count81
\c@chapter=\count82
\c@section=\count83
\c@subsection=\count84
\c@subsubsection=\count85
\c@paragraph=\count86
\c@subparagraph=\count87
\scr@dte@part@maxnumwidth=\skip47
\scr@dte@chapter@maxnumwidth=\skip48
\scr@dte@section@maxnumwidth=\skip49
\scr@dte@subsection@maxnumwidth=\skip50
\scr@dte@subsubsection@maxnumwidth=\skip51
\scr@dte@paragraph@maxnumwidth=\skip52
\scr@dte@subparagraph@maxnumwidth=\skip53
\abovecaptionskip=\skip54
\belowcaptionskip=\skip55
\c@pti@nb@sid@b@x=\box27
\scr@dte@figure@maxnumwidth=\skip56
Package tocbasic Info: omitting babel extension for `lof'
(tocbasic)             because of feature `nobabel' available
(tocbasic)             for `lof' on input line 6247.
\c@figure=\count88
\scr@dte@table@maxnumwidth=\skip57
Package tocbasic Info: omitting babel extension for `lot'
(tocbasic)             because of feature `nobabel' available
(tocbasic)             for `lot' on input line 6264.
\c@table=\count89
Class scrreprt Info: Redefining `\numberline' on input line 6433.
\bibindent=\dimen102
)
(F:\Programme\Miktex\tex\latex\hyperref\hyperref.sty
Package: hyperref 2018/02/06 v6.86b Hypertext links for LaTeX

(F:\Programme\Miktex\tex\generic\oberdiek\hobsub-hyperref.sty
Package: hobsub-hyperref 2016/05/16 v1.14 Bundle oberdiek, subset hyperref (HO)


(F:\Programme\Miktex\tex\generic\oberdiek\hobsub-generic.sty
Package: hobsub-generic 2016/05/16 v1.14 Bundle oberdiek, subset generic (HO)
Package: hobsub 2016/05/16 v1.14 Construct package bundles (HO)
Package: infwarerr 2016/05/16 v1.4 Providing info/warning/error messages (HO)
Package: ltxcmds 2016/05/16 v1.23 LaTeX kernel commands for general use (HO)
Package: ifluatex 2016/05/16 v1.4 Provides the ifluatex switch (HO)
Package ifluatex Info: LuaTeX not detected.
Package: ifvtex 2016/05/16 v1.6 Detect VTeX and its facilities (HO)
Package ifvtex Info: VTeX not detected.
Package: intcalc 2016/05/16 v1.2 Expandable calculations with integers (HO)
Package: ifpdf 2017/03/15 v3.2 Provides the ifpdf switch
Package: etexcmds 2016/05/16 v1.6 Avoid name clashes with e-TeX commands (HO)
Package etexcmds Info: Could not find \expanded.
(etexcmds)             That can mean that you are not using pdfTeX 1.50 or
(etexcmds)             that some package has redefined \expanded.
(etexcmds)             In the latter case, load this package earlier.
Package: kvsetkeys 2016/05/16 v1.17 Key value parser (HO)
Package: kvdefinekeys 2016/05/16 v1.4 Define keys (HO)
Package: pdftexcmds 2018/01/30 v0.27 Utility functions of pdfTeX for LuaTeX (HO
)
Package pdftexcmds Info: LuaTeX not detected.
Package pdftexcmds Info: \pdf@primitive is available.
Package pdftexcmds Info: \pdf@ifprimitive is available.
Package pdftexcmds Info: \pdfdraftmode found.
Package: pdfescape 2016/05/16 v1.14 Implements pdfTeX's escape features (HO)
Package: bigintcalc 2016/05/16 v1.4 Expandable calculations on big integers (HO
)
Package: bitset 2016/05/16 v1.2 Handle bit-vector datatype (HO)
Package: uniquecounter 2016/05/16 v1.3 Provide unlimited unique counter (HO)
)
Package hobsub Info: Skipping package `hobsub' (already loaded).
Package: letltxmacro 2016/05/16 v1.5 Let assignment for LaTeX macros (HO)
Package: hopatch 2016/05/16 v1.3 Wrapper for package hooks (HO)
Package: xcolor-patch 2016/05/16 xcolor patch
Package: atveryend 2016/05/16 v1.9 Hooks at the very end of document (HO)
Package atveryend Info: \enddocument detected (standard20110627).
Package: atbegshi 2016/06/09 v1.18 At begin shipout hook (HO)
Package: refcount 2016/05/16 v3.5 Data extraction from label references (HO)
Package: hycolor 2016/05/16 v1.8 Color options for hyperref/bookmark (HO)
)
(F:\Programme\Miktex\tex\generic\ifxetex\ifxetex.sty
Package: ifxetex 2010/09/12 v0.6 Provides ifxetex conditional
)
(F:\Programme\Miktex\tex\latex\oberdiek\auxhook.sty
Package: auxhook 2016/05/16 v1.4 Hooks for auxiliary files (HO)
)
(F:\Programme\Miktex\tex\latex\oberdiek\kvoptions.sty
Package: kvoptions 2016/05/16 v3.12 Key value format for package options (HO)
)
\@linkdim=\dimen103
\Hy@linkcounter=\count90
\Hy@pagecounter=\count91

(F:\Programme\Miktex\tex\latex\hyperref\pd1enc.def
File: pd1enc.def 2018/02/06 v6.86b Hyperref: PDFDocEncoding definition (HO)
Now handling font encoding PD1 ...
... no UTF-8 mapping file for font encoding PD1
)
\Hy@SavedSpaceFactor=\count92

(F:\Programme\Miktex\tex\latex\00miktex\hyperref.cfg
File: hyperref.cfg 2002/06/06 v1.2 hyperref configuration of TeXLive
)
Package hyperref Info: Option `colorlinks' set `true' on input line 4383.


Package hyperref Warning: Option `pagecolor' is not available anymore.

Package hyperref Info: Option `plainpages' set `false' on input line 4383.
Package hyperref Info: Option `pdfpagelabels' set `true' on input line 4383.
Package hyperref Info: Hyper figures OFF on input line 4509.
Package hyperref Info: Link nesting OFF on input line 4514.
Package hyperref Info: Hyper index ON on input line 4517.
Package hyperref Info: Plain pages OFF on input line 4524.
Package hyperref Info: Backreferencing OFF on input line 4529.
Package hyperref Info: Implicit mode ON; LaTeX internals redefined.
Package hyperref Info: Bookmarks ON on input line 4762.
\c@Hy@tempcnt=\count93
(F:\Programme\Miktex\tex\latex\url\url.sty
\Urlmuskip=\muskip10
Package: url 2013/09/16  ver 3.4  Verb mode for urls, etc.
)
LaTeX Info: Redefining \url on input line 5115.
\XeTeXLinkMargin=\dimen104
\Fld@menulength=\count94
\Field@Width=\dimen105
\Fld@charsize=\dimen106
Package hyperref Info: Hyper figures OFF on input line 6369.
Package hyperref Info: Link nesting OFF on input line 6374.
Package hyperref Info: Hyper index ON on input line 6377.
Package hyperref Info: backreferencing OFF on input line 6384.
Package hyperref Info: Link coloring ON on input line 6387.
Package hyperref Info: Link coloring with OCG OFF on input line 6394.
Package hyperref Info: PDF/A mode OFF on input line 6399.
LaTeX Info: Redefining \ref on input line 6439.
LaTeX Info: Redefining \pageref on input line 6443.
\Hy@abspage=\count95
\c@Item=\count96
\c@Hfootnote=\count97
)
Package hyperref Info: Driver (autodetected): hpdftex.

(F:\Programme\Miktex\tex\latex\hyperref\hpdftex.def
File: hpdftex.def 2018/02/06 v6.86b Hyperref driver for pdfTeX
\Fld@listcount=\count98
\c@bookmark@seq@number=\count99

(F:\Programme\Miktex\tex\latex\oberdiek\rerunfilecheck.sty
Package: rerunfilecheck 2016/05/16 v1.8 Rerun checks for auxiliary files (HO)
Package uniquecounter Info: New unique counter `rerunfilecheck' on input line 2
82.
)
\Hy@SectionHShift=\skip58
)
(F:\Programme\Miktex\tex\latex\pdfpages\pdfpages.sty
Package: pdfpages 2017/10/31 v0.5l Insert pages of external PDF documents (AM)

(F:\Programme\Miktex\tex\latex\base\ifthen.sty
Package: ifthen 2014/09/29 v1.1c Standard LaTeX ifthen package (DPC)
)
(F:\Programme\Miktex\tex\latex\tools\calc.sty
Package: calc 2017/05/25 v4.3 Infix arithmetic (KKT,FJ)
\calc@Acount=\count100
\calc@Bcount=\count101
\calc@Adimen=\dimen107
\calc@Bdimen=\dimen108
\calc@Askip=\skip59
\calc@Bskip=\skip60
LaTeX Info: Redefining \setlength on input line 80.
LaTeX Info: Redefining \addtolength on input line 81.
\calc@Ccount=\count102
\calc@Cskip=\skip61
)
(F:\Programme\Miktex\tex\latex\eso-pic\eso-pic.sty
Package: eso-pic 2018/04/12 v2.0h eso-pic (RN)

(F:\Programme\Miktex\tex\latex\xcolor\xcolor.sty
Package: xcolor 2016/05/11 v2.12 LaTeX color extensions (UK)

(F:\Programme\Miktex\tex\latex\graphics-cfg\color.cfg
File: color.cfg 2016/01/02 v1.6 sample color configuration
)
Package xcolor Info: Driver file: pdftex.def on input line 225.

(F:\Programme\Miktex\tex\latex\graphics-def\pdftex.def
File: pdftex.def 2018/01/08 v1.0l Graphics/color driver for pdftex
)
Package xcolor Info: Model `cmy' substituted by `cmy0' on input line 1348.
Package xcolor Info: Model `hsb' substituted by `rgb' on input line 1352.
Package xcolor Info: Model `RGB' extended on input line 1364.
Package xcolor Info: Model `HTML' substituted by `rgb' on input line 1366.
Package xcolor Info: Model `Hsb' substituted by `hsb' on input line 1367.
Package xcolor Info: Model `tHsb' substituted by `hsb' on input line 1368.
Package xcolor Info: Model `HSB' substituted by `hsb' on input line 1369.
Package xcolor Info: Model `Gray' substituted by `gray' on input line 1370.
Package xcolor Info: Model `wave' substituted by `hsb' on input line 1371.
))
(F:\Programme\Miktex\tex\latex\graphics\graphicx.sty
Package: graphicx 2017/06/01 v1.1a Enhanced LaTeX Graphics (DPC,SPQR)

(F:\Programme\Miktex\tex\latex\graphics\graphics.sty
Package: graphics 2017/06/25 v1.2c Standard LaTeX Graphics (DPC,SPQR)

(F:\Programme\Miktex\tex\latex\graphics\trig.sty
Package: trig 2016/01/03 v1.10 sin cos tan (DPC)
)
(F:\Programme\Miktex\tex\latex\graphics-cfg\graphics.cfg
File: graphics.cfg 2016/06/04 v1.11 sample graphics configuration
)
Package graphics Info: Driver file: pdftex.def on input line 99.
)
\Gin@req@height=\dimen109
\Gin@req@width=\dimen110
)
\AM@pagewidth=\dimen111
\AM@pageheight=\dimen112

(F:\Programme\Miktex\tex\latex\pdfpages\pppdftex.def
File: pppdftex.def 2017/10/31 v0.5l Pdfpages driver for pdfTeX (AM)
)
\AM@pagebox=\box28
\AM@global@opts=\toks15
\AM@toc@title=\toks16
\c@AM@survey=\count103
\AM@templatesizebox=\box29
)
(F:\Programme\Miktex\tex\generic\german\ngerman.sty v2.5e 1998-07-08
Package: ngerman 1998/07/08 v2.5e Support for writing german texts (br)
\grmnU@D=\dimen113
ngerman -- \language number for naustrian undefined, default 45 used.
)
(F:\Programme\Miktex\tex\latex\germbib\bibgerm.sty
Package: bibgerm 2000/08/18 v0.1 Support for mixed language bibliographies

** Macros for german `BibTeX'ing added to Style Option `german' 20 Apr 1993 **
** idea and languages `german' and `USenglish' implemented by M. Wallmeier **
** Modified for LaTeX 2e and german.sty 2.5b by A. Scherer 1 Nov 1995 **
** Modified for ngerman.sty and babel.sty by H. Harders 21 August 2000 **)
(F:\Programme\Miktex\tex\latex\booktabs\booktabs.sty
Package: booktabs 2005/04/14 v1.61803 publication quality tables
\heavyrulewidth=\dimen114
\lightrulewidth=\dimen115
\cmidrulewidth=\dimen116
\belowrulesep=\dimen117
\belowbottomsep=\dimen118
\aboverulesep=\dimen119
\abovetopsep=\dimen120
\cmidrulesep=\dimen121
\cmidrulekern=\dimen122
\defaultaddspace=\dimen123
\@cmidla=\count104
\@cmidlb=\count105
\@aboverulesep=\dimen124
\@belowrulesep=\dimen125
\@thisruleclass=\count106
\@lastruleclass=\count107
\@thisrulewidth=\dimen126
)
(F:\Programme\Miktex\tex\latex\oberdiek\epstopdf.sty
Package: epstopdf 2016/05/15 v2.6 Conversion with epstopdf on the fly (HO)

(F:\Programme\Miktex\tex\latex\oberdiek\epstopdf-base.sty
Package: epstopdf-base 2016/05/15 v2.6 Base part for package epstopdf

(F:\Programme\Miktex\tex\latex\oberdiek\grfext.sty
Package: grfext 2016/05/16 v1.2 Manage graphics extensions (HO)
)
Package epstopdf-base Info: Redefining graphics rule for `.eps' on input line 4
38.
Package grfext Info: Graphics extension search list:
(grfext)             [.pdf,.png,.jpg,.mps,.jpeg,.jbig2,.jb2,.PDF,.PNG,.JPG,.JPE
G,.JBIG2,.JB2,.eps]
(grfext)             \AppendGraphicsExtensions on input line 456.
))
(F:\Programme\Miktex\tex\latex\graphics\rotating.sty
Package: rotating 2016/08/11 v2.16d rotated objects in LaTeX
\c@r@tfl@t=\count108
\rotFPtop=\skip62
\rotFPbot=\skip63
\rot@float@box=\box30
\rot@mess@toks=\toks17
)

Class scrreprt Warning: Usage of package `tocbibind' together
(scrreprt)              with a KOMA-Script class is not recommended.
(scrreprt)              I'd suggest to use options like `listof=totoc'
(scrreprt)              or `bibliography=totoc', or commands like
(scrreprt)              `\setuptoc{toc}{totoc}' instead of this package,
(scrreprt)              because it breaks several KOMA-Script features of
(scrreprt)              the list of figures, list of tables, bibliography,
(scrreprt)              index and the running head.
(scrreprt)              Nevertheless, using requested
(scrreprt)              package `tocbibind' on input line 33.

(F:\Programme\Miktex\tex\latex\tocbibind\tocbibind.sty
Package: tocbibind 2010/10/13 v1.5k extra ToC listings
Package tocbibind Info: The document has chapter divisions on input line 50.


Package tocbibind Note: Using chapter style headings, unless overridden.

) (F:\Programme\Miktex\tex\latex\glossaries\base\glossaries.sty
Package: glossaries 2018/07/23 v4.41 (NLCT)

(F:\Programme\Miktex\tex\latex\xkeyval\xkeyval.sty
Package: xkeyval 2014/12/03 v2.7a package option processing (HA)

(F:\Programme\Miktex\tex\generic\xkeyval\xkeyval.tex
(F:\Programme\Miktex\tex\generic\xkeyval\xkvutils.tex
\XKV@toks=\toks18
\XKV@tempa@toks=\toks19
)
\XKV@depth=\count109
File: xkeyval.tex 2014/12/03 v2.7a key=value parser (HA)
))
(F:\Programme\Miktex\tex\latex\mfirstuc\mfirstuc.sty
Package: mfirstuc 2017/11/14 v2.06 (NLCT)

(F:\Programme\Miktex\tex\latex\etoolbox\etoolbox.sty
Package: etoolbox 2018/02/11 v2.5e e-TeX tools for LaTeX (JAW)
\etb@tempcnta=\count110
)
\@glsmfirst=\toks20
\@glsmrest=\toks21
)
(F:\Programme\Miktex\tex\latex\textcase\textcase.sty
Package: textcase 2004/10/07 v0.07 Text only upper/lower case changing (DPC)
)
(F:\Programme\Miktex\tex\latex\xfor\xfor.sty
Package: xfor 2009/02/05 v1.05 (NLCT)
)
(F:\Programme\Miktex\tex\latex\datatool\datatool-base.sty
Package: datatool-base 2018/04/16 v2.30 (NLCT)

(F:\Programme\Miktex\tex\latex\amsmath\amsmath.sty
Package: amsmath 2017/09/02 v2.17a AMS math features
\@mathmargin=\skip64

For additional information on amsmath, use the `?' option.
(F:\Programme\Miktex\tex\latex\amsmath\amstext.sty
Package: amstext 2000/06/29 v2.01 AMS text

(F:\Programme\Miktex\tex\latex\amsmath\amsgen.sty
File: amsgen.sty 1999/11/30 v2.0 generic functions
\@emptytoks=\toks22
\ex@=\dimen127
))
(F:\Programme\Miktex\tex\latex\amsmath\amsbsy.sty
Package: amsbsy 1999/11/29 v1.2d Bold Symbols
\pmbraise@=\dimen128
)
(F:\Programme\Miktex\tex\latex\amsmath\amsopn.sty
Package: amsopn 2016/03/08 v2.02 operator names
)
\inf@bad=\count111
LaTeX Info: Redefining \frac on input line 213.
\uproot@=\count112
\leftroot@=\count113
LaTeX Info: Redefining \overline on input line 375.
\classnum@=\count114
\DOTSCASE@=\count115
LaTeX Info: Redefining \ldots on input line 472.
LaTeX Info: Redefining \dots on input line 475.
LaTeX Info: Redefining \cdots on input line 596.
\Mathstrutbox@=\box31
\strutbox@=\box32
\big@size=\dimen129
LaTeX Font Info:    Redeclaring font encoding OML on input line 712.
LaTeX Font Info:    Redeclaring font encoding OMS on input line 713.
\macc@depth=\count116
\c@MaxMatrixCols=\count117
\dotsspace@=\muskip11
\c@parentequation=\count118
\dspbrk@lvl=\count119
\tag@help=\toks23
\row@=\count120
\column@=\count121
\maxfields@=\count122
\andhelp@=\toks24
\eqnshift@=\dimen130
\alignsep@=\dimen131
\tagshift@=\dimen132
\tagwidth@=\dimen133
\totwidth@=\dimen134
\lineht@=\dimen135
\@envbody=\toks25
\multlinegap=\skip65
\multlinetaggap=\skip66
\mathdisplay@stack=\toks26
LaTeX Info: Redefining \[ on input line 2817.
LaTeX Info: Redefining \] on input line 2818.
)
(F:\Programme\Miktex\tex\latex\substr\substr.sty
Package: substr 2009/10/20 v1.2 Handle substrings
\c@su@anzahl=\count123
)
(F:\Programme\Miktex\tex\latex\datatool\datatool-fp.sty
Package: datatool-fp 2018/04/16 v2.30 (NLCT)

(F:\Programme\Miktex\tex\latex\fp\fp.sty
Package: fp 1995/04/02

`Fixed Point Package', Version 0.8, April 2, 1995 (C) Michael Mehlich
(F:\Programme\Miktex\tex\latex\fp\defpattern.sty
Package: defpattern 1994/10/12
\actioncount=\count124
)
(F:\Programme\Miktex\tex\latex\fp\fp-basic.sty
Package: fp-basic 1996/05/13
\FP@xs=\count125
\FP@xia=\count126
\FP@xib=\count127
\FP@xfa=\count128
\FP@xfb=\count129
\FP@rega=\count130
\FP@regb=\count131
\FP@regs=\count132
\FP@times=\count133
)
(F:\Programme\Miktex\tex\latex\fp\fp-addons.sty
Package: fp-addons 1995/03/15
)
(F:\Programme\Miktex\tex\latex\fp\fp-snap.sty
Package: fp-snap 1995/04/05
)
(F:\Programme\Miktex\tex\latex\fp\fp-exp.sty
Package: fp-exp 1995/04/03
)
(F:\Programme\Miktex\tex\latex\fp\fp-trigo.sty
Package: fp-trigo 1995/04/14
)
(F:\Programme\Miktex\tex\latex\fp\fp-pas.sty
Package: fp-pas 1994/08/29
)
(F:\Programme\Miktex\tex\latex\fp\fp-random.sty
Package: fp-random 1995/02/23
\FPseed=\count134
)
(F:\Programme\Miktex\tex\latex\fp\fp-eqn.sty
Package: fp-eqn 1995/04/03
)
(F:\Programme\Miktex\tex\latex\fp\fp-upn.sty
Package: fp-upn 1996/10/21
)
(F:\Programme\Miktex\tex\latex\fp\fp-eval.sty
Package: fp-eval 1995/04/03
)))
\@dtl@toks=\toks27
\@dtl@tmpcount=\count135
\dtl@tmplength=\skip67
\dtl@sortresult=\count136
\@dtl@numgrpsepcount=\count137
\@dtl@datatype=\count138
\dtl@codeA=\count139
\dtl@codeB=\count140
\@dtl@foreach@level=\count141
)
(F:\Programme\Miktex\tex\latex\glossaries\base\glossaries-compatible-307.sty
Package: glossaries-compatible-307 2018/07/23 v4.41 (NLCT)
)
(F:\Programme\Miktex\tex\latex\tracklang\tracklang.sty
Package: tracklang 2018/05/13 v1.3.6 (NLCT) Track Languages

(F:\Programme\Miktex\tex\generic\tracklang\tracklang.tex))
(F:\Programme\Miktex\tex\latex\glossaries-german\glossaries-german.ldf
File: glossaries-german.ldf 2014/11/23 v1.0
)
\gls@level=\count142
\@gls@tmpb=\toks28
\gls@tmplen=\skip68
\glskeylisttok=\toks29
\glslabeltok=\toks30
\glsshorttok=\toks31
\glslongtok=\toks32

(F:\Programme\Miktex\tex\latex\glossaries\styles\glossary-hypernav.sty
Package: glossary-hypernav 2018/07/23 v4.41 (NLCT)
)
(F:\Programme\Miktex\tex\latex\glossaries\styles\glossary-list.sty
Package: glossary-list 2018/07/23 v4.41 (NLCT)
\glslistdottedwidth=\skip69
)
(F:\Programme\Miktex\tex\latex\glossaries\styles\glossary-long.sty
Package: glossary-long 2018/07/23 v4.41 (NLCT)

(F:\Programme\Miktex\tex\latex\tools\longtable.sty
Package: longtable 2014/10/28 v4.11 Multi-page Table package (DPC)
\LTleft=\skip70
\LTright=\skip71
\LTpre=\skip72
\LTpost=\skip73
\LTchunksize=\count143
\LTcapwidth=\dimen136
\LT@head=\box33
\LT@firsthead=\box34
\LT@foot=\box35
\LT@lastfoot=\box36
\LT@cols=\count144
\LT@rows=\count145
\c@LT@tables=\count146
\c@LT@chunks=\count147
\LT@p@ftn=\toks33
)
Class scrreprt Info: longtable captions redefined on input line 43.
\glsdescwidth=\skip74
\glspagelistwidth=\skip75
)
(F:\Programme\Miktex\tex\latex\glossaries\styles\glossary-super.sty
Package: glossary-super 2018/07/23 v4.41 (NLCT)

(F:\Programme\Miktex\tex\latex\supertabular\supertabular.sty
Package: supertabular 2004/02/20 v4.1e the supertabular environment
\c@tracingst=\count148
\ST@wd=\dimen137
\ST@rightskip=\skip76
\ST@leftskip=\skip77
\ST@parfillskip=\skip78
\ST@pageleft=\dimen138
\ST@headht=\dimen139
\ST@tailht=\dimen140
\ST@pagesofar=\dimen141
\ST@pboxht=\dimen142
\ST@lineht=\dimen143
\ST@stretchht=\dimen144
\ST@prevht=\dimen145
\ST@toadd=\dimen146
\ST@dimen=\dimen147
\ST@pbox=\box37
))
(F:\Programme\Miktex\tex\latex\glossaries\styles\glossary-tree.sty
Package: glossary-tree 2018/07/23 v4.41 (NLCT)
\glstreeindent=\skip79
))
(F:\Programme\Miktex\tex\latex\setspace\setspace.sty
Package: setspace 2011/12/19 v6.7a set line spacing
)
(F:\Programme\Miktex\tex\latex\svg\svg.sty
Package: svg 2017/11/29 v2.01 (include SVG pictures)

(F:\Programme\Miktex\tex\latex\tools\shellesc.sty
Package: shellesc 2016/06/07 v0.02a unified shell escape interface for LaTeX
Package shellesc Info: Restricted shell escape enabled on input line 69.
)
\c@svg@param@lastpage=\count149
\c@svg@param@currpage=\count150
)
(F:\Programme\Miktex\tex\latex\oberdiek\transparent.sty
Package: transparent 2016/05/16 v1.1 Transparency via pdfTeX's color stack (HO)

)
(F:\Programme\Miktex\tex\latex\float\float.sty
Package: float 2001/11/08 v1.3d Float enhancements (AL)
\c@float@type=\count151
\float@exts=\toks34
\float@box=\box38
\@float@everytoks=\toks35
\@floatcapt=\box39
)
(F:\Programme\Miktex\tex\latex\floatflt\floatflt.sty
Package: floatflt 1997/07/16 v. 1.31
\c@OptionTest=\count152
\figbox=\box40
\tabbox=\box41
\pagebox=\box42
\ffigcount=\count153
\ftabcount=\count154
\fftest=\count155
\hangcount=\count156
\nosuccesstryfig=\count157
\nosuccesstrytab=\count158
\figgutter=\dimen148
\tabgutter=\dimen149
\htdone=\dimen150
\pageht=\dimen151
\startpageht=\dimen152
\tabbredd=\dimen153
\floatfltwidth=\dimen154
\fltitemwidth=\dimen155
\outputpretest=\toks36
)
(F:\Programme\Miktex\tex\latex\base\textcomp.sty
Package: textcomp 2017/04/05 v2.0i Standard LaTeX package
Package textcomp Info: Sub-encoding information:
(textcomp)               5 = only ISO-Adobe without \textcurrency
(textcomp)               4 = 5 + \texteuro
(textcomp)               3 = 4 + \textohm
(textcomp)               2 = 3 + \textestimated + \textcurrency
(textcomp)               1 = TS1 - \textcircled - \t
(textcomp)               0 = TS1 (full)
(textcomp)             Font families with sub-encoding setting implement
(textcomp)             only a restricted character set as indicated.
(textcomp)             Family '?' is the default used for unknown fonts.
(textcomp)             See the documentation for details.
Package textcomp Info: Setting ? sub-encoding to TS1/1 on input line 79.

(F:\Programme\Miktex\tex\latex\base\ts1enc.def
File: ts1enc.def 2001/06/05 v3.0e (jk/car/fm) Standard LaTeX file
Now handling font encoding TS1 ...
... processing UTF-8 mapping file for font encoding TS1

(F:\Programme\Miktex\tex\latex\base\ts1enc.dfu
File: ts1enc.dfu 2018/04/05 v1.2c UTF-8 support for inputenc
   defining Unicode char U+00A2 (decimal 162)
   defining Unicode char U+00A3 (decimal 163)
   defining Unicode char U+00A4 (decimal 164)
   defining Unicode char U+00A5 (decimal 165)
   defining Unicode char U+00A6 (decimal 166)
   defining Unicode char U+00A7 (decimal 167)
   defining Unicode char U+00A8 (decimal 168)
   defining Unicode char U+00A9 (decimal 169)
   defining Unicode char U+00AA (decimal 170)
   defining Unicode char U+00AC (decimal 172)
   defining Unicode char U+00AE (decimal 174)
   defining Unicode char U+00AF (decimal 175)
   defining Unicode char U+00B0 (decimal 176)
   defining Unicode char U+00B1 (decimal 177)
   defining Unicode char U+00B2 (decimal 178)
   defining Unicode char U+00B3 (decimal 179)
   defining Unicode char U+00B4 (decimal 180)
   defining Unicode char U+00B5 (decimal 181)
   defining Unicode char U+00B6 (decimal 182)
   defining Unicode char U+00B7 (decimal 183)
   defining Unicode char U+00B9 (decimal 185)
   defining Unicode char U+00BA (decimal 186)
   defining Unicode char U+00BC (decimal 188)
   defining Unicode char U+00BD (decimal 189)
   defining Unicode char U+00BE (decimal 190)
   defining Unicode char U+00D7 (decimal 215)
   defining Unicode char U+00F7 (decimal 247)
   defining Unicode char U+0192 (decimal 402)
   defining Unicode char U+02C7 (decimal 711)
   defining Unicode char U+02D8 (decimal 728)
   defining Unicode char U+02DD (decimal 733)
   defining Unicode char U+0E3F (decimal 3647)
   defining Unicode char U+2016 (decimal 8214)
   defining Unicode char U+2020 (decimal 8224)
   defining Unicode char U+2021 (decimal 8225)
   defining Unicode char U+2022 (decimal 8226)
   defining Unicode char U+2030 (decimal 8240)
   defining Unicode char U+2031 (decimal 8241)
   defining Unicode char U+203B (decimal 8251)
   defining Unicode char U+203D (decimal 8253)
   defining Unicode char U+2044 (decimal 8260)
   defining Unicode char U+204E (decimal 8270)
   defining Unicode char U+2052 (decimal 8274)
   defining Unicode char U+20A1 (decimal 8353)
   defining Unicode char U+20A4 (decimal 8356)
   defining Unicode char U+20A6 (decimal 8358)
   defining Unicode char U+20A9 (decimal 8361)
   defining Unicode char U+20AB (decimal 8363)
   defining Unicode char U+20AC (decimal 8364)
   defining Unicode char U+20B1 (decimal 8369)
   defining Unicode char U+2103 (decimal 8451)
   defining Unicode char U+2116 (decimal 8470)
   defining Unicode char U+2117 (decimal 8471)
   defining Unicode char U+211E (decimal 8478)
   defining Unicode char U+2120 (decimal 8480)
   defining Unicode char U+2122 (decimal 8482)
   defining Unicode char U+2126 (decimal 8486)
   defining Unicode char U+2127 (decimal 8487)
   defining Unicode char U+212E (decimal 8494)
   defining Unicode char U+2190 (decimal 8592)
   defining Unicode char U+2191 (decimal 8593)
   defining Unicode char U+2192 (decimal 8594)
   defining Unicode char U+2193 (decimal 8595)
   defining Unicode char U+2329 (decimal 9001)
   defining Unicode char U+232A (decimal 9002)
   defining Unicode char U+2422 (decimal 9250)
   defining Unicode char U+25E6 (decimal 9702)
   defining Unicode char U+25EF (decimal 9711)
   defining Unicode char U+266A (decimal 9834)
   defining Unicode char U+FEFF (decimal 65279)
))
LaTeX Info: Redefining \oldstylenums on input line 334.
Package textcomp Info: Setting cmr sub-encoding to TS1/0 on input line 349.
Package textcomp Info: Setting cmss sub-encoding to TS1/0 on input line 350.
Package textcomp Info: Setting cmtt sub-encoding to TS1/0 on input line 351.
Package textcomp Info: Setting cmvtt sub-encoding to TS1/0 on input line 352.
Package textcomp Info: Setting cmbr sub-encoding to TS1/0 on input line 353.
Package textcomp Info: Setting cmtl sub-encoding to TS1/0 on input line 354.
Package textcomp Info: Setting ccr sub-encoding to TS1/0 on input line 355.
Package textcomp Info: Setting ptm sub-encoding to TS1/4 on input line 356.
Package textcomp Info: Setting pcr sub-encoding to TS1/4 on input line 357.
Package textcomp Info: Setting phv sub-encoding to TS1/4 on input line 358.
Package textcomp Info: Setting ppl sub-encoding to TS1/3 on input line 359.
Package textcomp Info: Setting pag sub-encoding to TS1/4 on input line 360.
Package textcomp Info: Setting pbk sub-encoding to TS1/4 on input line 361.
Package textcomp Info: Setting pnc sub-encoding to TS1/4 on input line 362.
Package textcomp Info: Setting pzc sub-encoding to TS1/4 on input line 363.
Package textcomp Info: Setting bch sub-encoding to TS1/4 on input line 364.
Package textcomp Info: Setting put sub-encoding to TS1/5 on input line 365.
Package textcomp Info: Setting uag sub-encoding to TS1/5 on input line 366.
Package textcomp Info: Setting ugq sub-encoding to TS1/5 on input line 367.
Package textcomp Info: Setting ul8 sub-encoding to TS1/4 on input line 368.
Package textcomp Info: Setting ul9 sub-encoding to TS1/4 on input line 369.
Package textcomp Info: Setting augie sub-encoding to TS1/5 on input line 370.
Package textcomp Info: Setting dayrom sub-encoding to TS1/3 on input line 371.
Package textcomp Info: Setting dayroms sub-encoding to TS1/3 on input line 372.

Package textcomp Info: Setting pxr sub-encoding to TS1/0 on input line 373.
Package textcomp Info: Setting pxss sub-encoding to TS1/0 on input line 374.
Package textcomp Info: Setting pxtt sub-encoding to TS1/0 on input line 375.
Package textcomp Info: Setting txr sub-encoding to TS1/0 on input line 376.
Package textcomp Info: Setting txss sub-encoding to TS1/0 on input line 377.
Package textcomp Info: Setting txtt sub-encoding to TS1/0 on input line 378.
Package textcomp Info: Setting lmr sub-encoding to TS1/0 on input line 379.
Package textcomp Info: Setting lmdh sub-encoding to TS1/0 on input line 380.
Package textcomp Info: Setting lmss sub-encoding to TS1/0 on input line 381.
Package textcomp Info: Setting lmssq sub-encoding to TS1/0 on input line 382.
Package textcomp Info: Setting lmvtt sub-encoding to TS1/0 on input line 383.
Package textcomp Info: Setting lmtt sub-encoding to TS1/0 on input line 384.
Package textcomp Info: Setting qhv sub-encoding to TS1/0 on input line 385.
Package textcomp Info: Setting qag sub-encoding to TS1/0 on input line 386.
Package textcomp Info: Setting qbk sub-encoding to TS1/0 on input line 387.
Package textcomp Info: Setting qcr sub-encoding to TS1/0 on input line 388.
Package textcomp Info: Setting qcs sub-encoding to TS1/0 on input line 389.
Package textcomp Info: Setting qpl sub-encoding to TS1/0 on input line 390.
Package textcomp Info: Setting qtm sub-encoding to TS1/0 on input line 391.
Package textcomp Info: Setting qzc sub-encoding to TS1/0 on input line 392.
Package textcomp Info: Setting qhvc sub-encoding to TS1/0 on input line 393.
Package textcomp Info: Setting futs sub-encoding to TS1/4 on input line 394.
Package textcomp Info: Setting futx sub-encoding to TS1/4 on input line 395.
Package textcomp Info: Setting futj sub-encoding to TS1/4 on input line 396.
Package textcomp Info: Setting hlh sub-encoding to TS1/3 on input line 397.
Package textcomp Info: Setting hls sub-encoding to TS1/3 on input line 398.
Package textcomp Info: Setting hlst sub-encoding to TS1/3 on input line 399.
Package textcomp Info: Setting hlct sub-encoding to TS1/5 on input line 400.
Package textcomp Info: Setting hlx sub-encoding to TS1/5 on input line 401.
Package textcomp Info: Setting hlce sub-encoding to TS1/5 on input line 402.
Package textcomp Info: Setting hlcn sub-encoding to TS1/5 on input line 403.
Package textcomp Info: Setting hlcw sub-encoding to TS1/5 on input line 404.
Package textcomp Info: Setting hlcf sub-encoding to TS1/5 on input line 405.
Package textcomp Info: Setting pplx sub-encoding to TS1/3 on input line 406.
Package textcomp Info: Setting pplj sub-encoding to TS1/3 on input line 407.
Package textcomp Info: Setting ptmx sub-encoding to TS1/4 on input line 408.
Package textcomp Info: Setting ptmj sub-encoding to TS1/4 on input line 409.
)
(F:\Programme\Miktex\tex\latex\multirow\multirow.sty
Package: multirow 2016/11/25 v2.2 Span multiple rows of a table
\multirow@colwidth=\skip80
\multirow@cntb=\count159
\multirow@dima=\skip81
\bigstrutjot=\dimen156
)
(F:\Programme\Miktex\tex\latex\graphics\lscape.sty
Package: lscape 2000/10/22 v3.01 Landscape Pages (DPC)
)
(F:\Programme\Miktex\tex\latex\base\inputenc.sty
Package: inputenc 2018/04/06 v1.3b Input encoding file
\inpenc@prehook=\toks37
\inpenc@posthook=\toks38
)
(F:\Programme\Miktex\tex\latex\base\fontenc.sty
Package: fontenc 2017/04/05 v2.0i Standard LaTeX package

(F:\Programme\Miktex\tex\latex\base\t1enc.def
File: t1enc.def 2017/04/05 v2.0i Standard LaTeX file
LaTeX Font Info:    Redeclaring font encoding T1 on input line 48.
))
(F:\Programme\Miktex\tex\latex\subfigure\subfigure.sty
Package: subfigure 2002/07/30 v2.1.4 subfigure package
\subfigtopskip=\skip82
\subfigcapskip=\skip83
\subfigcaptopadj=\dimen157
\subfigbottomskip=\skip84
\subfigcapmargin=\dimen158
\subfiglabelskip=\skip85
\c@subfigure=\count160
\c@lofdepth=\count161
\c@subtable=\count162
\c@lotdepth=\count163

****************************************
* Local config file subfigure.cfg used *
****************************************
(F:\Programme\Miktex\tex\latex\subfigure\subfigure.cfg)
\subfig@top=\skip86
\subfig@bottom=\skip87
)
(F:\Programme\Miktex\tex\latex\overpic\overpic.sty
Package: overpic 2017/10/06 1.0 picture overlays

(F:\Programme\Miktex\tex\latex\eepic\epic.sty
Enhancements to Picture Environment. Version 1.2 - Released June 1, 1986
\@@multicnt=\count164
\d@lta=\count165
\@delta=\dimen159
\@@delta=\dimen160
\@gridcnt=\count166
\@joinkind=\count167
\@dotgap=\dimen161
\@ddotgap=\dimen162
\@x@diff=\count168
\@y@diff=\count169
\x@diff=\dimen163
\y@diff=\dimen164
\@dotbox=\box43
\num@segments=\count170
\num@segmentsi=\count171
\@datafile=\read1
)) (F:\Programme\Miktex\tex\latex\listings\listings.sty
\lst@mode=\count172
\lst@gtempboxa=\box44
\lst@token=\toks39
\lst@length=\count173
\lst@currlwidth=\dimen165
\lst@column=\count174
\lst@pos=\count175
\lst@lostspace=\dimen166
\lst@width=\dimen167
\lst@newlines=\count176
\lst@lineno=\count177
\lst@maxwidth=\dimen168

(F:\Programme\Miktex\tex\latex\listings\lstmisc.sty
File: lstmisc.sty 2015/06/04 1.6 (Carsten Heinz)
\c@lstnumber=\count178
\lst@skipnumbers=\count179
\lst@framebox=\box45
)
(F:\Programme\Miktex\tex\latex\listings\listings.cfg
File: listings.cfg 2015/06/04 1.6 listings configuration
))
Package: listings 2015/06/04 1.6 (Carsten Heinz)

(F:\Programme\Miktex\tex\latex\listings\lstlang1.sty
File: lstlang1.sty 2015/06/04 1.6 listings language file
)
(F:\Programme\Miktex\tex\latex\listings\lstlang1.sty
File: lstlang1.sty 2015/06/04 1.6 listings language file
)
(F:\Programme\Miktex\tex\latex\listings\lstmisc.sty
File: lstmisc.sty 2015/06/04 1.6 (Carsten Heinz)
)
(F:\Programme\Miktex\tex\latex\natbib\natbib.sty
Package: natbib 2010/09/13 8.31b (PWD, AO)
\bibhang=\skip88
\bibsep=\skip89
LaTeX Info: Redefining \cite on input line 694.
\c@NAT@ctr=\count180
)
(F:\Programme\Miktex\tex\latex\acronym\acronym.sty
Package: acronym 2015/03/21 v1.41 Support for acronyms (Tobias Oetiker)

(F:\Programme\Miktex\tex\latex\bigfoot\suffix.sty
Package: suffix 2006/07/15 1.5a Variant command support
)
(F:\Programme\Miktex\tex\latex\xstring\xstring.sty
(F:\Programme\Miktex\tex\generic\xstring\xstring.tex
\@xs@message=\write3
\integerpart=\count181
\decimalpart=\count182
)
Package: xstring 2013/10/13  v1.7c  String manipulations (C Tellechea)
)
\AC@clearlist=\toks40
)
\glswrite=\write4
\glo@main@file=\write5
\openout5 = `main.glo'.

Package glossaries Info: Writing glossary file main.glo on input line 83.
\glo@acronym@file=\write6
\openout6 = `main.acn'.

Package glossaries Info: Writing glossary file main.acn on input line 83.

(F:\Programme\Miktex\tex\latex\filecontents\filecontents.sty
Package: filecontents 2018/05/30 v1.4 Create an external file from within a LaT
eX document
) (main.aux
(einleitung.aux) (hauptteil.aux))
\openout1 = `main.aux'.

LaTeX Font Info:    Checking defaults for OML/cmm/m/it on input line 92.
LaTeX Font Info:    ... okay on input line 92.
LaTeX Font Info:    Checking defaults for T1/cmr/m/n on input line 92.
LaTeX Font Info:    ... okay on input line 92.
LaTeX Font Info:    Checking defaults for OT1/cmr/m/n on input line 92.
LaTeX Font Info:    ... okay on input line 92.
LaTeX Font Info:    Checking defaults for OMS/cmsy/m/n on input line 92.
LaTeX Font Info:    ... okay on input line 92.
LaTeX Font Info:    Checking defaults for OMX/cmex/m/n on input line 92.
LaTeX Font Info:    ... okay on input line 92.
LaTeX Font Info:    Checking defaults for U/cmr/m/n on input line 92.
LaTeX Font Info:    ... okay on input line 92.
LaTeX Font Info:    Checking defaults for PD1/pdf/m/n on input line 92.
LaTeX Font Info:    ... okay on input line 92.
LaTeX Font Info:    Checking defaults for TS1/cmr/m/n on input line 92.
LaTeX Font Info:    Try loading font information for TS1+cmr on input line 92.
 (F:\Programme\Miktex\tex\latex\base\ts1cmr.fd
File: ts1cmr.fd 2014/09/29 v2.5h Standard LaTeX font definitions
)
LaTeX Font Info:    ... okay on input line 92.
Package tocbasic Info: usage of `tocbibind' detected on input line 92.


Package tocbasic Warning: `tocbibind' redefinition of `\listoffigures'
(tocbasic)                detected.
(tocbasic)                Note: Loading `tocbibind' without option `notlof'
(tocbasic)                can break several features of `tocbasic'.


Package tocbasic Warning: `tocbibind' redefinition of `\listoftables'
(tocbasic)                detected.
(tocbasic)                Note: Loading `tocbibind' without option `notlot'
(tocbasic)                can break several features of `tocbasic'.

\AtBeginShipoutBox=\box46
Package hyperref Info: Link coloring ON on input line 92.
(F:\Programme\Miktex\tex\latex\hyperref\nameref.sty
Package: nameref 2016/05/21 v2.44 Cross-referencing by name of section

(F:\Programme\Miktex\tex\generic\oberdiek\gettitlestring.sty
Package: gettitlestring 2016/05/16 v1.5 Cleanup title references (HO)
)
\c@section@level=\count183
)
LaTeX Info: Redefining \ref on input line 92.
LaTeX Info: Redefining \pageref on input line 92.
LaTeX Info: Redefining \nameref on input line 92.
 (main.out)
(main.out)
\@outlinefile=\write7
\openout7 = `main.out'.

 (F:\Programme\Miktex\tex\context\base\supp-pdf.mkii
[Loading MPS to PDF converter (version 2006.09.02).]
\scratchcounter=\count184
\scratchdimen=\dimen169
\scratchbox=\box47
\nofMPsegments=\count185
\nofMParguments=\count186
\everyMPshowfont=\toks41
\MPscratchCnt=\count187
\MPscratchDim=\dimen170
\MPnumerator=\count188
\makeMPintoPDFobject=\count189
\everyMPtoPDFconversion=\toks42
) (F:\Programme\Miktex\tex\latex\oberdiek\pdflscape.sty
Package: pdflscape 2016/05/14 v0.11 Display of landscape pages in PDF (HO)
Package pdflscape Info: Auto-detected driver: pdftex on input line 81.
)

bibgerm.sty: (n)german.sty 2.5b detected

(main.glsdefs)
\c@lstlisting=\count190
 (formales.tex
<hsu_4c.pdf, id=91, 143.53625pt x 103.38625pt>
File: hsu_4c.pdf Graphic file (type pdf)
<use hsu_4c.pdf>
Package pdftex.def Info: hsu_4c.pdf  used on input line 11.
(pdftex.def)             Requested size: 142.26378pt x 102.47258pt.

Overfull \hbox (106.07416pt too wide) in paragraph at lines 28--29
 [][] 
 []

[1

\openout4 = `main.ist'.



{C:/Users/Henry/AppData/Local/MiKTeX/2.9/pdftex/config/pdftex.map} <./hsu_4c.pd
f>]
LaTeX Font Info:    Try loading font information for T1+cmss on input line 49.
 (F:\Programme\Miktex\tex\latex\base\t1cmss.fd
File: t1cmss.fd 2014/09/29 v2.5h Standard LaTeX font definitions
) [1


] (main.lot
Package acronym Info: Label `acro:pdu' newly defined as it shall be overridden
although it is yet undefined on input line 4.
)
\tf@lot=\write8
\openout8 = `main.lot'.



Class scrreprt Warning: \float@listhead detected!
(scrreprt)              Implementation of \float@listhead became
(scrreprt)              deprecated in KOMA-Script v3.01 2008/11/14 and
(scrreprt)              has been replaced by several more flexible
(scrreprt)              features of package `tocbasic`.
(scrreprt)              Maybe implementation of \float@listhead will
(scrreprt)              be removed from KOMA-Script soon.
(scrreprt)              Loading of package `scrhack' may help to
(scrreprt)              avoid this warning, if you are using a
(scrreprt)              a package that still implements the
(scrreprt)              deprecated \float@listhead interface  on input line 70.


[2



] (main.lol)
\tf@lol=\write9
\openout9 = `main.lol'.

 [3

] [4

] (main.toc)
\tf@toc=\write10
\openout10 = `main.toc'.

 [5



])
\openout2 = `einleitung.aux'.

 (einleitung.tex
chapter 1.

Class scrreprt Warning: \float@addtolists detected!
(scrreprt)              Implementation of \float@addtolist became
(scrreprt)              deprecated in KOMA-Script v3.01 2008/11/14 and
(scrreprt)              has been replaced by several more flexible
(scrreprt)              features of package `tocbasic`.
(scrreprt)              Since Version 3.12 support for deprecated
(scrreprt)              \float@addtolist interface has been
(scrreprt)              restricted to only some of the KOMA-Script
(scrreprt)              features and been removed from others.
(scrreprt)              Loading of package `scrhack' may help to
(scrreprt)              avoid this warning, if you are using a
(scrreprt)              a package that still implements the
(scrreprt)              deprecated \float@addtolist interface .

Package acronym Info: Label `acro:dis' newly defined as it shall be overridden
although it is yet undefined on input line 5.
Package acronym Info: Label `acro:hla' newly defined as it shall be overridden
although it is yet undefined on input line 5.
)pdfTeX warning (ext4): destination with the same identifier (name{page.1}) has
 been already used, duplicate ignored
<to be read again> 
                   \relax 
l.105 \include{einleitung}
                           [1


]
\openout2 = `hauptteil.aux'.

 (hauptteil.tex
chapter 2.
Package acronym Info: Label `acro:espdu' newly defined as it shall be overridde
n
although it is yet undefined on input line 3.
[2



]
Package acronym Info: Label `acro:uml' newly defined as it shall be overridden
although it is yet undefined on input line 22.
Package acronym Info: Label `acro:ide' newly defined as it shall be overridden
although it is yet undefined on input line 22.
 [3]
<bilder/pdfvorlagen/model.pdf, id=254, 145.343pt x 177.463pt>
File: bilder/pdfvorlagen/model.pdf Graphic file (type pdf)
<use bilder/pdfvorlagen/model.pdf>
Package pdftex.def Info: bilder/pdfvorlagen/model.pdf  used on input line 33.
(pdftex.def)             Requested size: 145.34262pt x 177.46255pt.
 [4]
Underfull \hbox (badness 10000) in paragraph at lines 38--40

 []

Package hyperref Info: bookmark level for unknown lstlisting defaults to 0 on i
nput line 40.
LaTeX Font Info:    Try loading font information for T1+cmtt on input line 40.
(F:\Programme\Miktex\tex\latex\base\t1cmtt.fd
File: t1cmtt.fd 2014/09/29 v2.5h Standard LaTeX font definitions
) [5pdfTeX warning (ext4): destination with the same identifier (name{figure.2.
1}) has been already used, duplicate ignored

\AtBegShi@Output ...ipout \box \AtBeginShipoutBox 
                                                  \fi \fi 
l.48 	void 
           setVariable2(int zahl); <./bilder/pdfvorlagen/model.pdf>] [6]
<bilder/pdfvorlagen/model2.pdf, id=418, 158.19101pt x 215.204pt>
File: bilder/pdfvorlagen/model2.pdf Graphic file (type pdf)
<use bilder/pdfvorlagen/model2.pdf>
Package pdftex.def Info: bilder/pdfvorlagen/model2.pdf  used on input line 87.
(pdftex.def)             Requested size: 189.82825pt x 258.24348pt.
<bilder/pdfvorlagen/model3.pdf, id=424, 175.857pt x 214.401pt>
File: bilder/pdfvorlagen/model3.pdf Graphic file (type pdf)
<use bilder/pdfvorlagen/model3.pdf>
Package pdftex.def Info: bilder/pdfvorlagen/model3.pdf  used on input line 97.
(pdftex.def)             Requested size: 211.02734pt x 257.27989pt.

[7pdfTeX warning (ext4): destination with the same identifier (name{figure.2.2}
) has been already used, duplicate ignored

\AtBegShi@Output ...ipout \box \AtBeginShipoutBox 
                                                  \fi \fi 
l.100  \end{figure}
                    <./bilder/pdfvorlagen/model2.pdf>]
Package acronym Info: Label `acro:oop' newly defined as it shall be overridden
although it is yet undefined on input line 105.
<bilder/pdfvorlagen/tes.pdf, id=564, 177.463pt x 370.18298pt>
File: bilder/pdfvorlagen/tes.pdf Graphic file (type pdf)
<use bilder/pdfvorlagen/tes.pdf>
Package pdftex.def Info: bilder/pdfvorlagen/tes.pdf  used on input line 109.
(pdftex.def)             Requested size: 159.71521pt x 333.1616pt.
 [8pdfTeX warning (ext4): destination with the same identifier (name{figure.2.3
}) has been already used, duplicate ignored

\AtBegShi@Output ...ipout \box \AtBeginShipoutBox 
                                                  \fi \fi 
l.112 \end{figure}
                   <./bilder/pdfvorlagen/model3.pdf>] [9pdfTeX warning (ext4): 
destination with the same identifier (name{figure.2.4}) has been already used, 
duplicate ignored

\AtBegShi@Output ...ipout \box \AtBeginShipoutBox 
                                                  \fi \fi 
l.113 \newpage
               <./bilder/pdfvorlagen/tes.pdf>] [10] [11pdfTeX warning (ext4): d
estination with the same identifier (name{table.2.1}) has been already used, du
plicate ignored

\AtBegShi@Output ...ipout \box \AtBeginShipoutBox 
                                                  \fi \fi 
l.180 \newpage
              ] [12] [13]
Package acronym Info: Label `acro:ieee' newly defined as it shall be overridden

although it is yet undefined on input line 226.
 [14] [15] [16pdfTeX warning (ext4): destination with the same identifier (name
{table.2.2}) has been already used, duplicate ignored

\AtBegShi@Output ...ipout \box \AtBeginShipoutBox 
                                                  \fi \fi 
l.304 D
       er Entity Type gibt Auskunft dar端ber, um was f端r eine spezielle Art...
pdfTeX warning (ext4): destination with the same identifier (name{table.2.3}) h
as been already used, duplicate ignored

\AtBegShi@Output ...ipout \box \AtBeginShipoutBox 
                                                  \fi \fi 
l.304 D
       er Entity Type gibt Auskunft dar端ber, um was f端r eine spezielle Art...
] [17pdfTeX warning (ext4): destination with the same identifier (name{table.2.
4}) has been already used, duplicate ignored

\AtBegShi@Output ...ipout \box \AtBeginShipoutBox 
                                                  \fi \fi 
l.322 I
       m \glqq Variable Parameter record\grqq{} werden die Zusatzteile besch...
] [18pdfTeX warning (ext4): destination with the same identifier (name{table.2.
5}) has been already used, duplicate ignored

\AtBegShi@Output ...ipout \box \AtBeginShipoutBox 
                                                  \fi \fi 
l.357 
      ] [19pdfTeX warning (ext4): destination with the same identifier (name{ta
ble.2.6}) has been already used, duplicate ignored

\AtBegShi@Output ...ipout \box \AtBeginShipoutBox 
                                                  \fi \fi 
l.359 \chapter
              {Entwurf der Klassenhierarchie }]
chapter 3.
<bilder/pdfvorlagen/ansatz2.pdf, id=1094, 434.62375pt x 212.795pt>
File: bilder/pdfvorlagen/ansatz2.pdf Graphic file (type pdf)
<use bilder/pdfvorlagen/ansatz2.pdf>
Package pdftex.def Info: bilder/pdfvorlagen/ansatz2.pdf  used on input line 372
.
(pdftex.def)             Requested size: 391.15775pt x 191.51372pt.
[20

]
<bilder/pdfvorlagen/ansatz1.pdf, id=1107, 332.24126pt x 345.29pt>
File: bilder/pdfvorlagen/ansatz1.pdf Graphic file (type pdf)
<use bilder/pdfvorlagen/ansatz1.pdf>
Package pdftex.def Info: bilder/pdfvorlagen/ansatz1.pdf  used on input line 380
.
(pdftex.def)             Requested size: 299.01436pt x 310.7581pt.
 [21pdfTeX warning (ext4): destination with the same identifier (name{figure.3.
1}) has been already used, duplicate ignored

\AtBegShi@Output ...ipout \box \AtBeginShipoutBox 
                                                  \fi \fi 
l.383 \end{figure}
                   <./bilder/pdfvorlagen/ansatz2.pdf>]
Package acronym Info: Label `acro:vls' newly defined as it shall be overridden
although it is yet undefined on input line 387.
 [22pdfTeX warning (ext4): destination with the same identifier (name{figure.3.
2}) has been already used, duplicate ignored

\AtBegShi@Output ...ipout \box \AtBeginShipoutBox 
                                                  \fi \fi 
l.388 
       <./bilder/pdfvorlagen/ansatz1.pdf>] [23] [24] [25] [26] [27] [28]
Underfull \hbox (badness 10000) in paragraph at lines 490--490

 []

[29] [30] [31] [32] [33] [34] [35]
Overfull \hbox (3.77316pt too wide) in paragraph at lines 662--663
[][][][][][][][][][][][][][][][][][][][][] 
 []

Package acronym Info: Label `acro:udp' newly defined as it shall be overridden
although it is yet undefined on input line 684.

Overfull \hbox (1.15498pt too wide) in paragraph at lines 679--687
\T1/cmr/m/n/12 keStd-DISPDU(DIS::Vector3Float ve-lo,DIS::Orientation orie) und
 der DIS_EntityType
 []

[36] [37]
Underfull \hbox (badness 10000) in paragraph at lines 719--722

 []

[38] [39] [40] [41]
chapter 4.
[42

]
chapter 5.
<bilder/pdfvorlagen/ansatz3.pdf, id=1576, 1145.27875pt x 465.74pt>
File: bilder/pdfvorlagen/ansatz3.pdf Graphic file (type pdf)
<use bilder/pdfvorlagen/ansatz3.pdf>
Package pdftex.def Info: bilder/pdfvorlagen/ansatz3.pdf  used on input line 797
.
(pdftex.def)             Requested size: 506.38826pt x 470.28708pt.

Overfull \hbox (58.25731pt too wide) in paragraph at lines 797--797
 [][] 
 []


Overfull \hbox (51.00616pt too wide) in paragraph at lines 783--798
[][] 
 []

<bilder/pdfvorlagen/equip.pdf, id=1577, 1145.27875pt x 604.2575pt>
File: bilder/pdfvorlagen/equip.pdf Graphic file (type pdf)
<use bilder/pdfvorlagen/equip.pdf>
Package pdftex.def Info: bilder/pdfvorlagen/equip.pdf  used on input line 819.
(pdftex.def)             Requested size: 537.75682pt x 457.5624pt.

Overfull \hbox (38.28148pt too wide) in paragraph at lines 808--820
[][] 
 []


LaTeX Warning: Float too large for page by 40.61214pt on input line 820.


LaTeX Warning: `h' float specifier changed to `ht'.

) [43

pdfTeX warning (ext4): destination with the same identifier (name{figure.5.1}) 
has been already used, duplicate ignored

\AtBegShi@Output ...ipout \box \AtBeginShipoutBox 
                                                  \fi \fi 
l.106 \include{hauptteil}
                          <./bilder/pdfvorlagen/ansatz3.pdf>] [44pdfTeX warning
 (ext4): destination with the same identifier (name{figure.5.2}) has been alrea
dy used, duplicate ignored

\AtBegShi@Output ...ipout \box \AtBeginShipoutBox 
                                                  \fi \fi 
l.106 \include{hauptteil}
                          <./bilder/pdfvorlagen/equip.pdf>] (main.bbl
chapter 6.

Underfull \hbox (badness 5119) in paragraph at lines 8--13
[]\T1/cmr/m/n/12 Benjamin Buch.  C++ pro-gram-mie-rung.  [][]$\T1/cmtt/m/n/12 h
ttps : / / upload . wikimedia .
 []


Underfull \hbox (badness 10000) in paragraph at lines 32--38
[]\T1/cmr/m/n/12 Lucien Zal-c-man.  What dis-tri-bu-ted in-ter-ac-ti-ve si-mu-l
a-ti-on (dis)
 []


Underfull \hbox (badness 10000) in paragraph at lines 32--38
\T1/cmr/m/n/12 pro-to-col da-ta units (pdu) should my aus-tra-li-an de-fence fo
r-ce si-
 []


Underfull \hbox (badness 10000) in paragraph at lines 32--38
\T1/cmr/m/n/12 mu-la-tor ha-ve?  [][]$\T1/cmtt/m/n/12 https : / / www . researc
hgate . net / profile / Lucien _
 []


Underfull \hbox (badness 10000) in paragraph at lines 32--38
\T1/cmtt/m/n/12 Zalcman / publication / 27254323 _ What _ Distributed _ Interac
tive _
 []


Underfull \hbox (badness 10000) in paragraph at lines 32--38
\T1/cmtt/m/n/12 Simulation _ DIS _ Protocol _ Data _ Units _ PDU _ should _ My 
_ Australian _
 []


Underfull \hbox (badness 10000) in paragraph at lines 32--38
\T1/cmtt/m/n/12 Defence _ Force _ Simulator _ have / links / 58d9845ca6fdccca1c
4bff5d /
 []


Overfull \hbox (311.98938pt too wide) in paragraph at lines 32--38
\T1/cmtt/m/n/12 What-[]Distributed-[]Interactive-[]Simulation-[]DIS-[]Protocol-
[]Data-[]Units-[]PDU-[]should-[]My-[]Australian-[]Defence-[]Force-[]Simulator-[
]have .
 []


Underfull \hbox (badness 10000) in paragraph at lines 40--45
\T1/cmtt/m/n/12 sisostds . org / DigitalLibrary . aspx ? Command = Core _ Downl
oad & EntryId = 36474$[][]\T1/cmr/m/n/12 .
 []

[45


]
Underfull \hbox (badness 4608) in paragraph at lines 60--66
[]\T1/cmr/m/n/12 Sebastian Mey-er.  C vs. c++ pro-se-mi-nar c - grund-la-gen u
nd kon-
 []


Underfull \hbox (badness 3108) in paragraph at lines 60--66
\T1/cmr/m/n/12 zep-te 2013.  [][]$\T1/cmtt/m/n/12 https : / / wr . informatik
 . uni-[]hamburg . de / _media / teaching /
 []


Underfull \hbox (badness 4120) in paragraph at lines 60--66
\T1/cmtt/m/n/12 sommersemester _ 2013 / cgk-[]13-[]meyer-[]c-[]vs-[]c _ -[]ausa
rbeitung . pdf$[][]\T1/cmr/m/n/12 .  [On-li-ne,
 []

)

Package glossaries Warning: No \printglossary or \printglossaries found. 
(Remove \makeglossaries if you don't want any glossaries.) 
This document will not have a glossary.

Package atveryend Info: Empty hook `BeforeClearDocument' on input line 111.
[46]
Package atveryend Info: Empty hook `AfterLastShipout' on input line 111.
 (main.aux (einleitung.aux) (hauptteil.aux))
Package atveryend Info: Executing hook `AtVeryEndDocument' on input line 111.
Package atveryend Info: Executing hook `AtEndAfterFileList' on input line 111.
Package rerunfilecheck Info: File `main.out' has not changed.
(rerunfilecheck)             Checksum: 66F55C738755958E8895FA3C5A7829B0;1373.
Package atveryend Info: Empty hook `AtVeryVeryEnd' on input line 111.
 ) 
Here is how much of TeX's memory you used:
 20485 strings out of 492973
 331998 string characters out of 3139481
 608982 words of memory out of 3000000
 23490 multiletter control sequences out of 15000+200000
 16135 words of font info for 39 fonts, out of 3000000 for 9000
 1141 hyphenation exceptions out of 8191
 56i,12n,97p,9085b,2019s stack positions out of 5000i,500n,10000p,200000b,50000s
 <C:\Users\Henry\AppData\Local\MiKTeX\2.9\fonts\pk\ljfour\jknappen\ec\dpi600\
ecti1200.pk> <C:\Users\Henry\AppData\Local\MiKTeX\2.9\fonts\pk\ljfour\jknappen\
ec\dpi600\tcrm1200.pk> <C:\Users\Henry\AppData\Local\MiKTeX\2.9\fonts\pk\ljfour
\jknappen\ec\dpi600\ectt1200.pk> <C:\Users\Henry\AppData\Local\MiKTeX\2.9\fonts
\pk\ljfour\jknappen\ec\dpi600\ecsx1440.pk> <C:\Users\Henry\AppData\Local\MiKTeX
\2.9\fonts\pk\ljfour\jknappen\ec\dpi600\ecsl1200.pk> <C:\Users\Henry\AppData\Lo
cal\MiKTeX\2.9\fonts\pk\ljfour\jknappen\ec\dpi600\ecsx1200.pk> <C:\Users\Henry\
AppData\Local\MiKTeX\2.9\fonts\pk\ljfour\jknappen\ec\dpi600\ecsx2488.pk> <C:\Us
ers\Henry\AppData\Local\MiKTeX\2.9\fonts\pk\ljfour\jknappen\ec\dpi600\ecrm1200.
pk> <C:\Users\Henry\AppData\Local\MiKTeX\2.9\fonts\pk\ljfour\jknappen\ec\dpi600
\ecsx1728.pk> <C:\Users\Henry\AppData\Local\MiKTeX\2.9\fonts\pk\ljfour\jknappen
\ec\dpi600\ecbx1200.pk> <C:\Users\Henry\AppData\Local\MiKTeX\2.9\fonts\pk\ljfou
r\jknappen\ec\dpi600\ecbx1440.pk>
Output written on main.pdf (52 pages, 819102 bytes).
PDF statistics:
 2301 PDF objects out of 2487 (max. 8388607)
 494 named destinations out of 1000 (max. 500000)
 222 words of extra memory for PDF output out of 10000 (max. 10000000)

